<?xml version="1.0" encoding="UTF-8"?>
<!-- Generated by org.testng.reporters.JUnitXMLReporter -->
<testsuite ignored="3" hostname="Soumyata" failures="0" tests="2" name="SmokeTests" time="0.064" errors="0" timestamp="2026-05-23T10:26:55 IST">
  <testcase classname="maven_TestNG_Implementation.assignment_day25" name="regressionTest1" time="0.006"/>
  <testcase classname="maven_TestNG_Implementation.assignment_day25" name="regressionTest2" time="0.001"/>
  <testcase classname="maven_TestNG_Implementation.assignment_day25" name="smokeTest1" time="0.0">
    <ignored/>
  </testcase> <!-- smokeTest1 -->
  <testcase classname="maven_TestNG_Implementation.assignment_day25" name="smokeTest2" time="0.0">
    <ignored/>
  </testcase> <!-- smokeTest2 -->
  <testcase classname="maven_TestNG_Implementation.assignment_day25" name="loginTest" time="0.0">
    <ignored/>
  </testcase> <!-- loginTest -->
</testsuite> <!-- SmokeTests -->
