<?xml version="1.0" encoding="UTF-8"?>
<testng-results ignored="0" total="7" passed="7" failed="0" skipped="0">
  <reporter-output>
  </reporter-output>
  <suite started-at="2026-05-23T10:35:25 IST" name="Default suite" finished-at="2026-05-23T10:35:25 IST" duration-ms="92">
    <groups>
      <group name="regression">
        <method signature="assignment_day25.regressionTest1()[pri:0, instance:maven_TestNG_Implementation.assignment_day25@24313fcc]" name="regressionTest1" class="maven_TestNG_Implementation.assignment_day25"/>
        <method signature="assignment_day25.regressionTest2()[pri:0, instance:maven_TestNG_Implementation.assignment_day25@24313fcc]" name="regressionTest2" class="maven_TestNG_Implementation.assignment_day25"/>
      </group> <!-- regression -->
      <group name="smoke">
        <method signature="assignment_day25.smokeTest1()[pri:0, instance:maven_TestNG_Implementation.assignment_day25@24313fcc]" name="smokeTest1" class="maven_TestNG_Implementation.assignment_day25"/>
        <method signature="assignment_day25.smokeTest2()[pri:0, instance:maven_TestNG_Implementation.assignment_day25@24313fcc]" name="smokeTest2" class="maven_TestNG_Implementation.assignment_day25"/>
      </group> <!-- smoke -->
    </groups>
    <test started-at="2026-05-23T10:35:25 IST" name="Default test" finished-at="2026-05-23T10:35:25 IST" duration-ms="92">
      <class name="maven_TestNG_Implementation.assignment_day25">
        <test-method signature="loginTest(java.lang.String,java.lang.String)[pri:0, instance:maven_TestNG_Implementation.assignment_day25@24313fcc]" started-at="2026-05-23T10:35:25 IST" name="loginTest" data-provider="loginData" finished-at="2026-05-23T10:35:25 IST" duration-ms="6" status="PASS">
          <params>
            <param index="0">
              <value>
                <![CDATA[admin]]>
              </value>
            </param>
            <param index="1">
              <value>
                <![CDATA[admin123]]>
              </value>
            </param>
          </params>
          <reporter-output>
          </reporter-output>
        </test-method> <!-- loginTest -->
        <test-method signature="loginTest(java.lang.String,java.lang.String)[pri:0, instance:maven_TestNG_Implementation.assignment_day25@24313fcc]" started-at="2026-05-23T10:35:25 IST" name="loginTest" data-provider="loginData" finished-at="2026-05-23T10:35:25 IST" duration-ms="2" status="PASS">
          <params>
            <param index="0">
              <value>
                <![CDATA[user]]>
              </value>
            </param>
            <param index="1">
              <value>
                <![CDATA[user123]]>
              </value>
            </param>
          </params>
          <reporter-output>
          </reporter-output>
        </test-method> <!-- loginTest -->
        <test-method signature="loginTest(java.lang.String,java.lang.String)[pri:0, instance:maven_TestNG_Implementation.assignment_day25@24313fcc]" started-at="2026-05-23T10:35:25 IST" name="loginTest" data-provider="loginData" finished-at="2026-05-23T10:35:25 IST" duration-ms="3" status="PASS">
          <params>
            <param index="0">
              <value>
                <![CDATA[test]]>
              </value>
            </param>
            <param index="1">
              <value>
                <![CDATA[test123]]>
              </value>
            </param>
          </params>
          <reporter-output>
          </reporter-output>
        </test-method> <!-- loginTest -->
        <test-method signature="regressionTest1()[pri:0, instance:maven_TestNG_Implementation.assignment_day25@24313fcc]" started-at="2026-05-23T10:35:25 IST" name="regressionTest1" finished-at="2026-05-23T10:35:25 IST" duration-ms="1" status="PASS">
          <reporter-output>
          </reporter-output>
        </test-method> <!-- regressionTest1 -->
        <test-method signature="regressionTest2()[pri:0, instance:maven_TestNG_Implementation.assignment_day25@24313fcc]" started-at="2026-05-23T10:35:25 IST" name="regressionTest2" finished-at="2026-05-23T10:35:25 IST" duration-ms="2" status="PASS">
          <reporter-output>
          </reporter-output>
        </test-method> <!-- regressionTest2 -->
        <test-method signature="smokeTest1()[pri:0, instance:maven_TestNG_Implementation.assignment_day25@24313fcc]" started-at="2026-05-23T10:35:25 IST" name="smokeTest1" finished-at="2026-05-23T10:35:25 IST" duration-ms="1" status="PASS">
          <reporter-output>
          </reporter-output>
        </test-method> <!-- smokeTest1 -->
        <test-method signature="smokeTest2()[pri:0, instance:maven_TestNG_Implementation.assignment_day25@24313fcc]" started-at="2026-05-23T10:35:25 IST" name="smokeTest2" finished-at="2026-05-23T10:35:25 IST" duration-ms="2" status="PASS">
          <reporter-output>
          </reporter-output>
        </test-method> <!-- smokeTest2 -->
      </class> <!-- maven_TestNG_Implementation.assignment_day25 -->
    </test> <!-- Default test -->
  </suite> <!-- Default suite -->
</testng-results>
