<?xml version="1.0" encoding="UTF-8"?>
<!-- Generated by org.testng.reporters.JUnitReportReporter -->
<testsuite hostname="Soumyata" failures="0" tests="7" name="maven_TestNG_Implementation.assignment_day25" time="0.017" errors="0" timestamp="2026-05-23T10:35:25 IST" skipped="0">
  <testcase classname="maven_TestNG_Implementation.assignment_day25" name="regressionTest1" time="0.001"/>
  <testcase classname="maven_TestNG_Implementation.assignment_day25" name="smokeTest1" time="0.001"/>
  <testcase classname="maven_TestNG_Implementation.assignment_day25" name="smokeTest2" time="0.002"/>
  <testcase classname="maven_TestNG_Implementation.assignment_day25" name="loginTest" time="0.003"/>
  <testcase classname="maven_TestNG_Implementation.assignment_day25" name="regressionTest2" time="0.002"/>
  <testcase classname="maven_TestNG_Implementation.assignment_day25" name="loginTest" time="0.006"/>
  <testcase classname="maven_TestNG_Implementation.assignment_day25" name="loginTest" time="0.002"/>
</testsuite> <!-- maven_TestNG_Implementation.assignment_day25 -->
