<?xml version="1.0" encoding="UTF-8"?>
<!-- Generated by org.testng.reporters.JUnitReportReporter -->
<testsuite hostname="Soumyata" failures="0" tests="2" name="maven_TestNG_Implementation.parabank_testNG" time="1.638" errors="0" timestamp="2026-05-19T16:37:58 IST" skipped="0">
  <testcase classname="maven_TestNG_Implementation.parabank_testNG" name="loginTest" time="1.024"/>
  <testcase classname="maven_TestNG_Implementation.parabank_testNG" name="transferFunds" time="0.614"/>
</testsuite> <!-- maven_TestNG_Implementation.parabank_testNG -->
