<?xml version="1.0" encoding="UTF-8"?>
<!-- Generated by org.testng.reporters.JUnitReportReporter -->
<testsuite hostname="Soumyata" failures="0" tests="2" name="maven_TestNG_Implementation.grid_UC" time="22.923" errors="0" timestamp="2026-05-23T18:04:48 IST" skipped="0">
  <testcase classname="maven_TestNG_Implementation.grid_UC" name="googleTest" time="11.504"/>
  <testcase classname="maven_TestNG_Implementation.grid_UC" name="googleTest" time="11.419"/>
</testsuite> <!-- maven_TestNG_Implementation.grid_UC -->
