<?xml version="1.0" encoding="UTF-8"?>
<!-- Generated by org.testng.reporters.JUnitReportReporter -->
<testsuite hostname="Soumyata" failures="0" tests="3" name="maven_TestNG_Implementation.login_Test" time="9.992" errors="0" timestamp="2026-05-19T15:23:21 IST" skipped="0">
  <testcase classname="maven_TestNG_Implementation.login_Test" name="verifyLoginPageTitle" time="2.172"/>
  <testcase classname="maven_TestNG_Implementation.login_Test" name="loginTest" time="5.265"/>
  <testcase classname="maven_TestNG_Implementation.login_Test" name="verifyProductPage" time="2.555"/>
</testsuite> <!-- maven_TestNG_Implementation.login_Test -->
